
Showing logs for build [32mcb-kubecd-environment-pr-102-75-9dcnm-1[0m stage [32mfrom-build-pack[0m and container [32mstep-credential-initializer-snmn2[0m
{"level":"warn","ts":1576594462.3698666,"logger":"fallback-logger","caller":"logging/config.go:69","msg":"Fetch GitHub commit ID from kodata failed: \"ref: refs/heads/master\" is not a valid GitHub commit ID"}
{"level":"info","ts":1576594462.3732846,"logger":"fallback-logger","caller":"creds-init/main.go:40","msg":"Credentials initialized."}

Showing logs for build [32mcb-kubecd-environment-pr-102-75-9dcnm-1[0m stage [32mfrom-build-pack[0m and container [32mstep-working-dir-initializer-wvh8s[0m
{"level":"warn","ts":1576594463.455243,"logger":"fallback-logger","caller":"logging/config.go:69","msg":"Fetch GitHub commit ID from kodata failed: open /var/run/ko/HEAD: no such file or directory"}
{"level":"info","ts":1576594463.4591765,"logger":"fallback-logger","caller":"bash/main.go:65","msg":"Successfully executed command \"mkdir -p /workspace/source\""}

Showing logs for build [32mcb-kubecd-environment-pr-102-75-9dcnm-1[0m stage [32mfrom-build-pack[0m and container [32mstep-place-tools[0m

Showing logs for build [32mcb-kubecd-environment-pr-102-75-9dcnm-1[0m stage [32mfrom-build-pack[0m and container [32mstep-git-source-cb-kubecd-environment-pr-102-75-2dbnw[0m
{"level":"warn","ts":1576594468.5510252,"logger":"fallback-logger","caller":"logging/config.go:69","msg":"Fetch GitHub commit ID from kodata failed: \"ref: refs/heads/master\" is not a valid GitHub commit ID"}
{"level":"info","ts":1576594469.7273476,"logger":"fallback-logger","caller":"git/git.go:102","msg":"Successfully cloned https://github.com/cb-kubecd/environment-pr-102-75-boot-vault-gke-staging.git @ master in path /workspace/source"}

Showing logs for build [32mcb-kubecd-environment-pr-102-75-9dcnm-1[0m stage [32mfrom-build-pack[0m and container [32mstep-git-merge[0m
Using SHAs from PULL_REFS=master:235a4bac40e914d7017a2fd0dd6d09a87fa0c22f,1:1f460e4586f50688d9f52c38402e599514136ecb
DEBUG: ran git fetch --unshallow origin 1f460e4586f50688d9f52c38402e599514136ecb: 235a4bac40e914d7017a2fd0dd6d09a87fa0c22f: in 
DEBUG: ran git checkout master in 
DEBUG: ran git reset --hard 235a4bac40e914d7017a2fd0dd6d09a87fa0c22f in 
DEBUG: ran clean --force -d . in 
DEBUG: ran git merge 1f460e4586f50688d9f52c38402e599514136ecb in 
Merged SHA 1f460e4586f50688d9f52c38402e599514136ecb with commit message 'chore: Promote bdd-spring-1576594152 to version 0.0.1' into base branch master

Showing logs for build [32mcb-kubecd-environment-pr-102-75-9dcnm-1[0m stage [32mfrom-build-pack[0m and container [32mstep-build-helm-build[0m
WARNING: No $CHART_REPOSITORY defined so using the default value of: http://jenkins-x-chartmuseum:8080
Adding missing Helm repo: storage.googleapis.com https://storage.googleapis.com/chartmuseum.jenkins-x.io
Read credentials for https://storage.googleapis.com/chartmuseum.jenkins-x.io from vault helm/repos
Successfully added Helm repository storage.googleapis.com.
Adding missing Helm repo: jenkins-x-chartmuseum http://jenkins-x-chartmuseum:8080
Read credentials for http://jenkins-x-chartmuseum:8080 from vault helm/repos
Successfully added Helm repository jenkins-x-chartmuseum.
WARNING: No $CHART_REPOSITORY defined so using the default value of: http://jenkins-x-chartmuseum:8080
Adding missing Helm repo: chartmuseum.jenkins-x.io http://chartmuseum.jenkins-x.io
Read credentials for http://chartmuseum.jenkins-x.io from vault helm/repos
Successfully added Helm repository chartmuseum.jenkins-x.io.
